commit 52e41a30d6ea1a1976ffd790b10cd1d16207c3f0
Merge: 68cea95 97435b8
Author: leperezpinto <luisenrique2078@gmail.com>
Date:   Sun Jul 15 10:18:50 2018 -0500

    Merge branch 'luis'

commit 97435b82abd49b7cbd50cbb9a40af6dd938092ef
Author: leperezpinto <luisenrique2078@gmail.com>
Date:   Sun Jul 15 10:17:55 2018 -0500

    boton rama luis

commit 68cea955fd37e31fb8188373b6fc26038e71a7bb
Merge: 4068272 6793880
Author: leperezpinto <luisenrique2078@gmail.com>
Date:   Sun Jul 15 10:15:48 2018 -0500

    se hizo el merge

commit 4068272f422b53385b3722962ad9ce5fb9324c5d
Author: leperezpinto <luisenrique2078@gmail.com>
Date:   Sun Jul 15 10:14:51 2018 -0500

    commit de rama master para fusion

commit 679388031030b05040ed5b7d82849546efe74081
Author: leperezpinto <luisenrique2078@gmail.com>
Date:   Sun Jul 15 10:13:36 2018 -0500

    commit de la rama luis

commit 860415961c8b4c4169717d56f1baaaa1705a317e
Author: leperezpinto <luisenrique2078@gmail.com>
Date:   Sun Jul 15 10:12:11 2018 -0500

    quinto commit

commit 6858904f5f70bb907b1e1532fb7ea0045768947e
Author: leperezpinto <luisenrique2078@gmail.com>
Date:   Sun Jul 15 10:11:11 2018 -0500

    cuarto commit

commit 2db1c63cca6ec7cbd67df27c258a4bc312134f35
Author: leperezpinto <luisenrique2078@gmail.com>
Date:   Sun Jul 15 10:08:25 2018 -0500

    tercer commit

commit 8740e56e49e472b61744049e763fcc4f5425de20
Author: leperezpinto <luisenrique2078@gmail.com>
Date:   Sun Jul 15 10:05:48 2018 -0500

    segundo commit

commit 2183c5e197f843695aab2a632b04d974e4f61f61
Author: leperezpinto <luisenrique2078@gmail.com>
Date:   Sun Jul 15 09:28:46 2018 -0500

    subiendo mi primer commit
